This is pdfTeX, Version 3.14159265-2.6-1.40.20 (MiKTeX 2.9.7200 64-bit) (preloaded format=pdflatex 2019.10.26)  28 OCT 2019 16:05
entering extended mode
**c:/Users/franc/OneDrive/06-Repositorios/03-TCC/Monografia/TCC_Francisco_Gomes.tex
(c:/Users/franc/OneDrive/06-Repositorios/03-TCC/Monografia/TCC_Francisco_Gomes.tex
LaTeX2e <2019-10-01> patch level 1
("C:\Users\franc\AppData\Local\Programs\MiKTeX 2.9\tex/latex/abntex2\abntex2.cls"
Document Class: abntex2 2018/11/24 v-1.9.7 abnTeX2
("C:\Users\franc\AppData\Local\Programs\MiKTeX 2.9\tex/latex/base\ifthen.sty"
Package: ifthen 2014/09/29 v1.1c Standard LaTeX ifthen package (DPC)
) ("C:\Users\franc\AppData\Local\Programs\MiKTeX 2.9\tex/latex/memoir\memoir.cls"
Document Class: memoir 2018/12/12 v3.7h configurable book, report, article document class
\onelineskip=\skip41
\lxvchars=\skip42
\xlvchars=\skip43
\@memcnta=\count80
\c@@memmarkcntra=\count81
("C:\Users\franc\AppData\Local\Programs\MiKTeX 2.9\tex/generic/oberdiek\ifpdf.sty"
Package: ifpdf 2018/09/07 v3.3 Provides the ifpdf switch
) ("C:\Users\franc\AppData\Local\Programs\MiKTeX 2.9\tex/latex/ifetex\ifetex.sty"
Package: ifetex 2018/03/31 v1.2a ifetex
 ("C:\Users\franc\AppData\Local\Programs\MiKTeX 2.9\tex/plain/ifetex\ifetex.tex")) ("C:\Users\franc\AppData\Local\Programs\MiKTeX 2.9\tex/generic/ifxetex\ifxetex.sty"
Package: ifxetex 2010/09/12 v0.6 Provides ifxetex conditional
) ("C:\Users\franc\AppData\Local\Programs\MiKTeX 2.9\tex/generic/oberdiek\ifluatex.sty"
Package: ifluatex 2016/05/16 v1.4 Provides the ifluatex switch (HO)
Package ifluatex Info: LuaTeX not detected.
)
\stockheight=\skip44
\stockwidth=\skip45
\trimtop=\skip46
\trimedge=\skip47
 ("C:\Users\franc\AppData\Local\Programs\MiKTeX 2.9\tex/latex/memoir\mem12.clo"
File: mem12.clo 2010/10/19 v0.4b memoir class 12pt size option
)
\binding=\skip48
\spinemargin=\skip49
\foremargin=\skip50
\uppermargin=\skip51
\lowermargin=\skip52
\headdrop=\skip53
\normalrulethickness=\skip54
\mem@maxheadheight=\skip55
\mem@maxfootheight=\skip56
\headwidth=\skip57
\c@storedpagenumber=\count82
\memPD=\dimen102
\m@mabparskip=\skip58
\thanksmarkwidth=\skip59
\thanksmarksep=\skip60
\droptitle=\skip61
\c@book=\count83
\c@part=\count84
\c@chapter=\count85
\c@section=\count86
\c@subsection=\count87
\c@subsubsection=\count88
\c@paragraph=\count89
\c@subparagraph=\count90
\beforechapskip=\skip62
\midchapskip=\skip63
\afterchapskip=\skip64
\chapindent=\skip65
\bottomsectionskip=\skip66
\secindent=\skip67
\beforesecskip=\skip68
\aftersecskip=\skip69
\subsecindent=\skip70
\beforesubsecskip=\skip71
\aftersubsecskip=\skip72
\subsubsecindent=\skip73
\beforesubsubsecskip=\skip74
\aftersubsubsecskip=\skip75
\paraindent=\skip76
\beforeparaskip=\skip77
\afterparaskip=\skip78
\subparaindent=\skip79
\beforesubparaskip=\skip80
\aftersubparaskip=\skip81
\pfbreakskip=\skip82
\c@@ppsavesec=\count91
\c@@ppsaveapp=\count92
\ragrparindent=\dimen103
\everylistparindent=\dimen104
\parsepi=\skip83
\topsepi=\skip84
\itemsepi=\skip85
\parsepii=\skip86
\topsepii=\skip87
\topsepiii=\skip88
\itemsepii=\skip89
\itemsepiii=\skip90
\partopsepii=\skip91
\partopsepiii=\skip92
\m@msavetopsep=\skip93
\m@msavepartopsep=\skip94
\@enLab=\toks14
\abstitleskip=\skip95
\absleftindent=\skip96
\abs@leftindent=\dimen105
\absrightindent=\skip97
\absparindent=\skip98
\absparsep=\skip99
\c@vslineno=\count93
\c@poemline=\count94
\c@modulo@vs=\count95
\c@memfvsline=\count96
\vleftskip=\skip100
\vrightskip=\skip101
\stanzaskip=\skip102
\versewidth=\skip103
\vgap=\skip104
\vindent=\skip105
\vleftmargin=\dimen106
\c@verse=\count97
\c@chrsinstr=\count98
\beforepoemtitleskip=\skip106
\afterpoemtitleskip=\skip107
\c@poem=\count99
\beforePoemTitleskip=\skip108
\midPoemTitleskip=\skip109
\afterPoemTitleskip=\skip110
 ("C:\Users\franc\AppData\Local\Programs\MiKTeX 2.9\tex/latex/tools\array.sty"
Package: array 2019/08/31 v2.4l Tabular extension package (FMi)
\col@sep=\dimen107
\ar@mcellbox=\box27
\extrarowheight=\dimen108
\NC@list=\toks15
\extratabsurround=\skip111
\backup@length=\skip112
\ar@cellbox=\box28
) ("C:\Users\franc\AppData\Local\Programs\MiKTeX 2.9\tex/latex/tools\dcolumn.sty"
Package: dcolumn 2014/10/28 v1.06 decimal alignment package (DPC)
) ("C:\Users\franc\AppData\Local\Programs\MiKTeX 2.9\tex/latex/tools\delarray.sty"
Package: delarray 2014/10/28 v1.01 array delimiter package (DPC)
) ("C:\Users\franc\AppData\Local\Programs\MiKTeX 2.9\tex/latex/tools\tabularx.sty"
Package: tabularx 2016/02/03 v2.11b `tabularx' package (DPC)
\TX@col@width=\dimen109
\TX@old@table=\dimen110
\TX@old@col=\dimen111
\TX@target=\dimen112
\TX@delta=\dimen113
\TX@cols=\count100
\TX@ftn=\toks16
)
\heavyrulewidth=\dimen114
\lightrulewidth=\dimen115
\cmidrulewidth=\dimen116
\belowrulesep=\dimen117
\belowbottomsep=\dimen118
\aboverulesep=\dimen119
\abovetopsep=\dimen120
\cmidrulesep=\dimen121
\cmidrulekern=\dimen122
\defaultaddspace=\dimen123
\@cmidla=\count101
\@cmidlb=\count102
\@aboverulesep=\dimen124
\@belowrulesep=\dimen125
\@thisruleclass=\count103
\@lastruleclass=\count104
\@thisrulewidth=\dimen126
\ctableftskip=\skip113
\ctabrightskip=\skip114
\abovecolumnspenalty=\count105
\@linestogo=\count106
\@cellstogo=\count107
\@cellsincolumn=\count108
\crtok=\toks17
\@mincolumnwidth=\dimen127
\c@newflo@tctr=\count109
\mem@margin@floatbox=\box29
\@contcwidth=\skip115
\@contindw=\skip116
\abovecaptionskip=\skip117
\belowcaptionskip=\skip118
\subfloattopskip=\skip119
\subfloatcapskip=\skip120
\subfloatcaptopadj=\skip121
\subfloatbottomskip=\skip122
\subfloatlabelskip=\skip123
\subfloatcapmargin=\dimen128
\c@@contsubnum=\count110
\m@mscap@capbox=\box30
\m@mscap@fbox=\box31
\sidecapsep=\dimen129
\sidecapwidth=\dimen130
\m@m@tempdima=\dimen131
\m@mscapraise=\dimen132
\sidecapraise=\dimen133
\m@mscapmainwidth=\dimen134
\m@mscaplkern=\dimen135
\beforeepigraphskip=\skip124
\afterepigraphskip=\skip125
\epigraphwidth=\skip126
\epigraphrule=\skip127
LaTeX Info: Redefining \em on input line 7592.
LaTeX Info: Redefining \emph on input line 7600.
\tocentryskip=\skip128
\tocbaseline=\skip129
\cftparskip=\skip130
\cftbeforebookskip=\skip131
\cftbookindent=\dimen136
\cftbooknumwidth=\dimen137
\cftbeforepartskip=\skip132
\cftpartindent=\skip133
\cftpartnumwidth=\skip134
\cftbeforechapterskip=\skip135
\cftchapterindent=\skip136
\cftchapternumwidth=\skip137
\cftbeforesectionskip=\skip138
\cftsectionindent=\skip139
\cftsectionnumwidth=\skip140
\cftbeforesubsectionskip=\skip141
\cftsubsectionindent=\skip142
\cftsubsectionnumwidth=\skip143
\cftbeforesubsubsectionskip=\skip144
\cftsubsubsectionindent=\skip145
\cftsubsubsectionnumwidth=\skip146
\cftbeforeparagraphskip=\skip147
\cftparagraphindent=\skip148
\cftparagraphnumwidth=\skip149
\cftbeforesubparagraphskip=\skip150
\cftsubparagraphindent=\skip151
\cftsubparagraphnumwidth=\skip152
\prechapterprecisshift=\dimen138
\c@maxsecnumdepth=\count111
\bibindent=\dimen139
\bibitemsep=\skip153
\indexcolsep=\skip154
\indexrule=\skip155
\indexmarkstyle=\toks18
\@indexbox=\insert199
\glossarycolsep=\dimen140
\glossaryrule=\dimen141
\sideparvshift=\skip156
\sideins=\insert198
\sidebartopsep=\skip157
\sidebarhsep=\skip158
\sidebarvsep=\skip159
\sidebarwidth=\skip160
\footmarkwidth=\skip161
\footmarksep=\skip162
\footparindent=\skip163
\footinsdim=\skip164
\footinsv@r=\insert197
\@mpfootinsv@r=\insert196
\m@m@k=\count112
\m@m@h=\dimen142
\m@mipn@skip=\skip165
\sidefootins=\insert195
\sidefootadjust=\skip166
\sidefootheight=\skip167
\sidefoothsep=\skip168
\sidefootvsep=\skip169
\sidefootwidth=\skip170
\m@mdownsf=\skip171
\c@sidefootnote=\count113
\sidefootmarkwidth=\skip172
\sidefootmarksep=\skip173
\sidefootparindent=\skip174
\c@pagenote=\count114
\c@pagenoteshadow=\count115
\mem@pn@lastkern=\skip175
\every@verbatim=\toks19
\afterevery@verbatim=\toks20
\verbatim@line=\toks21
\tab@position=\count116
\verbatim@in@stream=\read1
\verbatimindent=\skip176
\verbatim@out=\write3
\bvboxsep=\skip177
\c@memfbvline=\count117
\c@bvlinectr=\count118
\bvnumlength=\skip178
\fb@frw=\dimen143
\fb@frh=\dimen144
\FrameRule=\dimen145
\FrameSep=\dimen146
\c@cp@cntr=\count119
LaTeX Info: Redefining \: on input line 12114.
LaTeX Info: Redefining \! on input line 12116.
\c@ism@mctr=\count120
\c@xsm@mctr=\count121
\c@csm@mctr=\count122
\c@ksm@mctr=\count123
\c@xksm@mctr=\count124
\c@cksm@mctr=\count125
\c@msm@mctr=\count126
\c@xmsm@mctr=\count127
\c@cmsm@mctr=\count128
\c@bsm@mctr=\count129
\c@workm@mctr=\count130
\c@sheetsequence=\count131
\c@lastsheet=\count132
\c@lastpage=\count133
\c@figure=\count134
\c@lofdepth=\count135
\cftbeforefigureskip=\skip179
\cftfigureindent=\skip180
\cftfigurenumwidth=\skip181
\c@table=\count136
\c@lotdepth=\count137
\cftbeforetableskip=\skip182
\cfttableindent=\skip183
\cfttablenumwidth=\skip184
Package abstract [2008/07/23] emulated by memoir.
Package appendix [2008/07/23] emulated by memoir.
Package booktabs [2016/05/16] emulated by memoir.
Package ccaption [2008/07/23] emulated by memoir.
Package changepage [2008/07/23] emulated by memoir.
Package chngcntr [2008/07/23] emulated by memoir.
Package chngpage [2008/07/23] emulated by memoir.
Package crop emulated by memoir.
Package enumerate [2008/07/23] emulated by memoir.
Package epigraph [2008/07/23] emulated by memoir.
Package ifmtarg [2008/07/23] emulated by memoir.
Package index [2008/07/23] emulated by memoir.
Package makeidx [2008/07/23] emulated by memoir.
Package moreverb [2008/07/23] emulated by memoir.
Package mparhack [2008/07/23] emulated by memoir.
Package needspace [2008/07/23] emulated by memoir.
Package newfile [2008/07/23] emulated by memoir.
Package nextpage [2008/07/23] emulated by memoir.
Package pagenote [2008/07/23] emulated by memoir.
Package parskip [2008/07/23] emulated by memoir.
Package patchcmd [2008/07/23] emulated by memoir.
Package setspace [2008/07/23] emulated by memoir.
Package shortvrb [2008/07/23] emulated by memoir.
Package showidx [2008/07/23] emulated by memoir.
Package titleref [2008/07/23] emulated by memoir.
Package titling [2008/07/23] emulated by memoir.
Package tocbibind [2008/07/23] emulated by memoir.
Package tocloft [2008/07/23] emulated by memoir.
Package tocvsec2 [2008/07/23] emulated by memoir.
Package verbatim [2008/07/23] emulated by memoir.
Package verse [2008/07/23] emulated by memoir.
) ("C:\Users\franc\AppData\Local\Programs\MiKTeX 2.9\tex/latex/textcase\textcase.sty"
Package: textcase 2019/09/14 v1.00 Text only upper/lower case changing (DPC)
LaTeX Info: Redefining \MakeTextUppercase on input line 50.
LaTeX Info: Redefining \MakeTextLowercase on input line 53.
) ("C:\Users\franc\AppData\Local\Programs\MiKTeX 2.9\tex/latex/hyperref\hyperref.sty"
Package: hyperref 2019/09/28 v7.00a Hypertext links for LaTeX
 ("C:\Users\franc\AppData\Local\Programs\MiKTeX 2.9\tex/generic/oberdiek\hobsub-hyperref.sty"
Package: hobsub-hyperref 2016/05/16 v1.14 Bundle oberdiek, subset hyperref (HO)
 ("C:\Users\franc\AppData\Local\Programs\MiKTeX 2.9\tex/generic/oberdiek\hobsub-generic.sty"
Package: hobsub-generic 2016/05/16 v1.14 Bundle oberdiek, subset generic (HO)
Package: hobsub 2016/05/16 v1.14 Construct package bundles (HO)
Package: infwarerr 2016/05/16 v1.4 Providing info/warning/error messages (HO)
Package: ltxcmds 2016/05/16 v1.23 LaTeX kernel commands for general use (HO)
Package hobsub Info: Skipping package `ifluatex' (already loaded).
Package: ifvtex 2016/05/16 v1.6 Detect VTeX and its facilities (HO)
Package ifvtex Info: VTeX not detected.
Package: intcalc 2016/05/16 v1.2 Expandable calculations with integers (HO)
Package hobsub Info: Skipping package `ifpdf' (already loaded).
Package: etexcmds 2016/05/16 v1.6 Avoid name clashes with e-TeX commands (HO)
Package: kvsetkeys 2016/05/16 v1.17 Key value parser (HO)
Package: kvdefinekeys 2016/05/16 v1.4 Define keys (HO)
Package: pdftexcmds 2019/07/25 v0.30 Utility functions of pdfTeX for LuaTeX (HO)
Package pdftexcmds Info: LuaTeX not detected.
Package pdftexcmds Info: \pdf@primitive is available.
Package pdftexcmds Info: \pdf@ifprimitive is available.
Package pdftexcmds Info: \pdfdraftmode found.
Package: pdfescape 2016/05/16 v1.14 Implements pdfTeX's escape features (HO)
Package: bigintcalc 2016/05/16 v1.4 Expandable calculations on big integers (HO)
Package: bitset 2016/05/16 v1.2 Handle bit-vector datatype (HO)
Package: uniquecounter 2016/05/16 v1.3 Provide unlimited unique counter (HO)
)
Package hobsub Info: Skipping package `hobsub' (already loaded).
Package: letltxmacro 2016/05/16 v1.5 Let assignment for LaTeX macros (HO)
Package: hopatch 2016/05/16 v1.3 Wrapper for package hooks (HO)
Package: xcolor-patch 2016/05/16 xcolor patch
Package: atveryend 2016/05/16 v1.9 Hooks at the very end of document (HO)
Package atveryend Info: \enddocument detected (standard20110627).
Package: atbegshi 2016/06/09 v1.18 At begin shipout hook (HO)
Package: refcount 2016/05/16 v3.5 Data extraction from label references (HO)
Package: hycolor 2016/05/16 v1.8 Color options for hyperref/bookmark (HO)
) ("C:\Users\franc\AppData\Local\Programs\MiKTeX 2.9\tex/latex/graphics\keyval.sty"
Package: keyval 2014/10/28 v1.15 key=value parser (DPC)
\KV@toks@=\toks22
) ("C:\Users\franc\AppData\Local\Programs\MiKTeX 2.9\tex/latex/oberdiek\auxhook.sty"
Package: auxhook 2016/05/16 v1.4 Hooks for auxiliary files (HO)
) ("C:\Users\franc\AppData\Local\Programs\MiKTeX 2.9\tex/latex/oberdiek\kvoptions.sty"
Package: kvoptions 2016/05/16 v3.12 Key value format for package options (HO)
)
\@linkdim=\dimen147
\Hy@linkcounter=\count138
\Hy@pagecounter=\count139
 ("C:\Users\franc\AppData\Local\Programs\MiKTeX 2.9\tex/latex/hyperref\pd1enc.def"
File: pd1enc.def 2019/09/28 v7.00a Hyperref: PDFDocEncoding definition (HO)
Now handling font encoding PD1 ...
... no UTF-8 mapping file for font encoding PD1
)
\Hy@SavedSpaceFactor=\count140
 ("C:\Users\franc\AppData\Local\Programs\MiKTeX 2.9\tex/latex/00miktex\hyperref.cfg"
File: hyperref.cfg 2002/06/06 v1.2 hyperref configuration of TeXLive
)
Package hyperref Info: Hyper figures OFF on input line 4540.
Package hyperref Info: Link nesting OFF on input line 4545.
Package hyperref Info: Hyper index ON on input line 4548.
Package hyperref Info: Plain pages OFF on input line 4555.
Package hyperref Info: Backreferencing OFF on input line 4560.
Package hyperref Info: Implicit mode ON; LaTeX internals redefined.
Package hyperref Info: Bookmarks ON on input line 4793.
\c@Hy@tempcnt=\count141
 ("C:\Users\franc\AppData\Local\Programs\MiKTeX 2.9\tex/latex/url\url.sty"
\Urlmuskip=\muskip10
Package: url 2013/09/16  ver 3.4  Verb mode for urls, etc.
)
LaTeX Info: Redefining \url on input line 5152.
\XeTeXLinkMargin=\dimen148
\Fld@menulength=\count142
\Field@Width=\dimen149
\Fld@charsize=\dimen150
Package hyperref Info: Hyper figures OFF on input line 6423.
Package hyperref Info: Link nesting OFF on input line 6428.
Package hyperref Info: Hyper index ON on input line 6431.
Package hyperref Info: backreferencing OFF on input line 6438.
Package hyperref Info: Link coloring OFF on input line 6443.
Package hyperref Info: Link coloring with OCG OFF on input line 6448.
Package hyperref Info: PDF/A mode OFF on input line 6453.
LaTeX Info: Redefining \ref on input line 6493.
LaTeX Info: Redefining \pageref on input line 6497.
\Hy@abspage=\count143
\c@Item=\count144
\c@Hfootnote=\count145
) ("C:\Users\franc\AppData\Local\Programs\MiKTeX 2.9\tex/latex/memoir\memhfixc.sty"
Package: memhfixc 2013/05/30 v1.17 nameref/hyperref package fixes for memoir class
\c@memhycontfloat=\count146
\c@Hpagenote=\count147
)
Package hyperref Info: Driver (autodetected): hpdftex.
 ("C:\Users\franc\AppData\Local\Programs\MiKTeX 2.9\tex/latex/hyperref\hpdftex.def"
File: hpdftex.def 2019/09/28 v7.00a Hyperref driver for pdfTeX
\Fld@listcount=\count148
\c@bookmark@seq@number=\count149
 ("C:\Users\franc\AppData\Local\Programs\MiKTeX 2.9\tex/latex/oberdiek\rerunfilecheck.sty"
Package: rerunfilecheck 2016/05/16 v1.8 Rerun checks for auxiliary files (HO)
Package uniquecounter Info: New unique counter `rerunfilecheck' on input line 282.
)
\Hy@SectionHShift=\skip185
) ("C:\Users\franc\AppData\Local\Programs\MiKTeX 2.9\tex/latex/oberdiek\bookmark.sty"
Package: bookmark 2019/06/04 v1.27 PDF bookmarks (HO)
 ("C:\Users\franc\AppData\Local\Programs\MiKTeX 2.9\tex/latex/oberdiek\bkm-pdftex.def"
File: bkm-pdftex.def 2019/06/04 v1.27 bookmark driver for pdfTeX (HO)
\BKM@id=\count150
)) ("C:\Users\franc\AppData\Local\Programs\MiKTeX 2.9\tex/generic/babel\babel.sty"
Package: babel 2019/10/15 3.35 The Babel package
 ("C:\Users\franc\AppData\Local\Programs\MiKTeX 2.9\tex/generic/babel\switch.def"
File: switch.def 2019/10/15 3.35 Babel switching mechanism
)
*************************************
* Local config file bblopts.cfg used
*
("C:\Users\franc\AppData\Local\Programs\MiKTeX 2.9\tex/latex/arabi\bblopts.cfg"
File: bblopts.cfg 2005/09/08 v0.1 add Arabic and Farsi to "declared" options of babel
) ("C:\Users\franc\AppData\Local\Programs\MiKTeX 2.9\tex/latex/babel-english\english.ldf"
Language: english 2017/06/06 v3.3r English support from the babel system
 ("C:\Users\franc\AppData\Local\Programs\MiKTeX 2.9\tex/generic/babel\babel.def"
File: babel.def 2019/10/15 3.35 Babel common definitions
\babel@savecnt=\count151
\U@D=\dimen151
 ("C:\Users\franc\AppData\Local\Programs\MiKTeX 2.9\tex/generic/babel\txtbabel.def")
\bbl@dirlevel=\count152
)
\l@canadian = a dialect from \language\l@american 
\l@australian = a dialect from \language\l@british 
\l@newzealand = a dialect from \language\l@british 
) ("C:\Users\franc\AppData\Local\Programs\MiKTeX 2.9\tex/generic/babel-french\french.ldf"
Language: french 2019/09/07 v3.5f French support from the babel system
\l@acadian = a dialect from \language\l@french 
\l@canadien = a dialect from \language\l@french 
\FB@nonchar=\count153
Package babel Info: Making : an active character on input line 419.
Package babel Info: Making ; an active character on input line 420.
Package babel Info: Making ! an active character on input line 421.
Package babel Info: Making ? an active character on input line 422.
\FBguill@level=\count154
\FBold@everypar=\toks23
\FB@Mht=\dimen152
\mc@charclass=\count155
\mc@charfam=\count156
\mc@charslot=\count157
\std@mcc=\count158
\dec@mcc=\count159
\c@FBcaption@count=\count160
\listindentFB=\dimen153
\descindentFB=\dimen154
\labelindentFB=\dimen155
\labelwidthFB=\dimen156
\leftmarginFB=\dimen157
\parindentFFN=\dimen158
\FBfnindent=\dimen159
) ("C:\Users\franc\AppData\Local\Programs\MiKTeX 2.9\tex/latex/babel-spanish\spanish.ldf"
Language: spanish.ldf 2016/03/03 v5.0p Spanish support from the babel system
\es@quottoks=\toks24
\es@quotdepth=\count161
Package babel Info: Making " an active character on input line 561.
Package babel Info: Making . an active character on input line 662.
Package babel Info: Making < an active character on input line 707.
Package babel Info: Making > an active character on input line 707.
) ("C:\Users\franc\AppData\Local\Programs\MiKTeX 2.9\tex/latex/babel-portuges\portuges.ldf"
Language: portuges 2008/03/18 v1.2q Portuguese support from the babel system
\l@brazil = a dialect from \language\l@portuges 
)) ("C:\Users\franc\AppData\Local\Programs\MiKTeX 2.9\tex/latex/carlisle\scalefnt.sty") ("C:\Users\franc\AppData\Local\Programs\MiKTeX 2.9\tex/latex/enumitem\enumitem.sty"
Package: enumitem 2019/06/20 v3.9 Customized lists
\labelindent=\skip186
\enit@outerparindent=\dimen160
\enit@toks=\toks25
\enit@inbox=\box32
\enit@count@id=\count162
\enitdp@description=\count163
) ("C:\Users\franc\AppData\Local\Programs\MiKTeX 2.9\tex/latex/tools\calc.sty"
Package: calc 2017/05/25 v4.3 Infix arithmetic (KKT,FJ)
\calc@Acount=\count164
\calc@Bcount=\count165
\calc@Adimen=\dimen161
\calc@Bdimen=\dimen162
\calc@Askip=\skip187
\calc@Bskip=\skip188
LaTeX Info: Redefining \setlength on input line 80.
LaTeX Info: Redefining \addtolength on input line 81.
\calc@Ccount=\count166
\calc@Cskip=\skip189
)

******************************************************
Stock height and width: 845.04684pt by 597.50787pt
Top and edge trims: 0pt and 0pt
Page height and width: 845.04684pt by 597.50787pt
Text height and width: 708pt by 455pt
Spine and edge margins: 85.35826pt and 56.9055pt
Upper and lower margins: 85.35826pt and 51.68858pt
Headheight and headsep: 14.5pt and 19.8738pt
Footskip: 30pt
Columnsep and columnseprule: 10pt and 0pt
Marginparsep and marginparwidth: 7pt and 42.9055pt
Sidecapsep and sidecapwidth: 7pt and 92pt
Sidebarhsep and sidebarwidth: 7pt and 92pt
Sidebarvsep and sidebartopsep: 14.5pt and 0pt
Sidebarheight: 590.14995pt
Sidefoothsep and sidefootwidth: 7pt and 92pt
Sidefootvsep and sidefootheight: 14.5pt and 590.14995pt
******************************************************

\c@abntex@bookmarkcounter=\count167
\cftlastnumwidth=\skip190
\chapternamenumlength=\skip191
\ABNTEXcitacaorecuo=\skip192
\c@alineasi=\count168
\c@alineasii=\count169
\enitdp@alineas=\count170
\c@subalineasi=\count171
\enitdp@subalineas=\count172
\c@incisosi=\count173
\enitdp@incisos=\count174
\ABNTEXsignwidth=\skip193
\ABNTEXsignthickness=\skip194
\ABNTEXsignskip=\skip256
) ("C:\Users\franc\AppData\Local\Programs\MiKTeX 2.9\tex/latex/lm\lmodern.sty"
Package: lmodern 2009/10/30 v1.6 Latin Modern Fonts
LaTeX Font Info:    Overwriting symbol font `operators' in version `normal'
(Font)                  OT1/cmr/m/n --> OT1/lmr/m/n on input line 22.
LaTeX Font Info:    Overwriting symbol font `letters' in version `normal'
(Font)                  OML/cmm/m/it --> OML/lmm/m/it on input line 23.
LaTeX Font Info:    Overwriting symbol font `symbols' in version `normal'
(Font)                  OMS/cmsy/m/n --> OMS/lmsy/m/n on input line 24.
LaTeX Font Info:    Overwriting symbol font `largesymbols' in version `normal'
(Font)                  OMX/cmex/m/n --> OMX/lmex/m/n on input line 25.
LaTeX Font Info:    Overwriting symbol font `operators' in version `bold'
(Font)                  OT1/cmr/bx/n --> OT1/lmr/bx/n on input line 26.
LaTeX Font Info:    Overwriting symbol font `letters' in version `bold'
(Font)                  OML/cmm/b/it --> OML/lmm/b/it on input line 27.
LaTeX Font Info:    Overwriting symbol font `symbols' in version `bold'
(Font)                  OMS/cmsy/b/n --> OMS/lmsy/b/n on input line 28.
LaTeX Font Info:    Overwriting symbol font `largesymbols' in version `bold'
(Font)                  OMX/cmex/m/n --> OMX/lmex/m/n on input line 29.
LaTeX Font Info:    Overwriting math alphabet `\mathbf' in version `normal'
(Font)                  OT1/cmr/bx/n --> OT1/lmr/bx/n on input line 31.
LaTeX Font Info:    Overwriting math alphabet `\mathsf' in version `normal'
(Font)                  OT1/cmss/m/n --> OT1/lmss/m/n on input line 32.
LaTeX Font Info:    Overwriting math alphabet `\mathit' in version `normal'
(Font)                  OT1/cmr/m/it --> OT1/lmr/m/it on input line 33.
LaTeX Font Info:    Overwriting math alphabet `\mathtt' in version `normal'
(Font)                  OT1/cmtt/m/n --> OT1/lmtt/m/n on input line 34.
LaTeX Font Info:    Overwriting math alphabet `\mathbf' in version `bold'
(Font)                  OT1/cmr/bx/n --> OT1/lmr/bx/n on input line 35.
LaTeX Font Info:    Overwriting math alphabet `\mathsf' in version `bold'
(Font)                  OT1/cmss/bx/n --> OT1/lmss/bx/n on input line 36.
LaTeX Font Info:    Overwriting math alphabet `\mathit' in version `bold'
(Font)                  OT1/cmr/bx/it --> OT1/lmr/bx/it on input line 37.
LaTeX Font Info:    Overwriting math alphabet `\mathtt' in version `bold'
(Font)                  OT1/cmtt/m/n --> OT1/lmtt/m/n on input line 38.
) ("C:\Users\franc\AppData\Local\Programs\MiKTeX 2.9\tex/latex/base\fontenc.sty"
Package: fontenc 2018/08/11 v2.0j Standard LaTeX package
 ("C:\Users\franc\AppData\Local\Programs\MiKTeX 2.9\tex/latex/base\t1enc.def"
File: t1enc.def 2018/08/11 v2.0j Standard LaTeX file
LaTeX Font Info:    Redeclaring font encoding T1 on input line 48.
)) ("C:\Users\franc\AppData\Local\Programs\MiKTeX 2.9\tex/latex/base\inputenc.sty"
Package: inputenc 2018/08/11 v1.3c Input encoding file
\inpenc@prehook=\toks26
\inpenc@posthook=\toks27
) ("C:\Users\franc\AppData\Local\Programs\MiKTeX 2.9\tex/latex/tools\indentfirst.sty"
Package: indentfirst 1995/11/23 v1.03 Indent first paragraph (DPC)
) ("C:\Users\franc\AppData\Local\Programs\MiKTeX 2.9\tex/latex/graphics\color.sty"
Package: color 2016/07/10 v1.1e Standard LaTeX Color (DPC)
 ("C:\Users\franc\AppData\Local\Programs\MiKTeX 2.9\tex/latex/graphics-cfg\color.cfg"
File: color.cfg 2016/01/02 v1.6 sample color configuration
)
Package color Info: Driver file: pdftex.def on input line 147.
 ("C:\Users\franc\AppData\Local\Programs\MiKTeX 2.9\tex/latex/graphics-def\pdftex.def"
File: pdftex.def 2018/01/08 v1.0l Graphics/color driver for pdftex
)) ("C:\Users\franc\AppData\Local\Programs\MiKTeX 2.9\tex/latex/graphics\graphicx.sty"
Package: graphicx 2017/06/01 v1.1a Enhanced LaTeX Graphics (DPC,SPQR)
 ("C:\Users\franc\AppData\Local\Programs\MiKTeX 2.9\tex/latex/graphics\graphics.sty"
Package: graphics 2019/10/08 v1.3c Standard LaTeX Graphics (DPC,SPQR)
 ("C:\Users\franc\AppData\Local\Programs\MiKTeX 2.9\tex/latex/graphics\trig.sty"
Package: trig 2016/01/03 v1.10 sin cos tan (DPC)
) ("C:\Users\franc\AppData\Local\Programs\MiKTeX 2.9\tex/latex/graphics-cfg\graphics.cfg"
File: graphics.cfg 2016/06/04 v1.11 sample graphics configuration
)
Package graphics Info: Driver file: pdftex.def on input line 105.
)
\Gin@req@height=\dimen163
\Gin@req@width=\dimen164
) ("C:\Users\franc\AppData\Local\Programs\MiKTeX 2.9\tex/latex/float\float.sty"
Package: float 2001/11/08 v1.3d Float enhancements (AL)
\c@float@type=\count175
\float@exts=\toks28
\float@box=\box33
\@float@everytoks=\toks29
\@floatcapt=\box34
) ("C:\Users\franc\AppData\Local\Programs\MiKTeX 2.9\tex/latex/mathtools\mathtools.sty"
Package: mathtools 2019/07/31 v1.22 mathematical typesetting tools
 ("C:\Users\franc\AppData\Local\Programs\MiKTeX 2.9\tex/latex/mathtools\mhsetup.sty"
Package: mhsetup 2017/03/31 v1.3 programming setup (MH)
) ("C:\Users\franc\AppData\Local\Programs\MiKTeX 2.9\tex/latex/amsmath\amsmath.sty"
Package: amsmath 2019/04/01 v2.17c AMS math features
\@mathmargin=\skip257

For additional information on amsmath, use the `?' option.
("C:\Users\franc\AppData\Local\Programs\MiKTeX 2.9\tex/latex/amsmath\amstext.sty"
Package: amstext 2000/06/29 v2.01 AMS text
 ("C:\Users\franc\AppData\Local\Programs\MiKTeX 2.9\tex/latex/amsmath\amsgen.sty"
File: amsgen.sty 1999/11/30 v2.0 generic functions
\@emptytoks=\toks30
\ex@=\dimen165
)) ("C:\Users\franc\AppData\Local\Programs\MiKTeX 2.9\tex/latex/amsmath\amsbsy.sty"
Package: amsbsy 1999/11/29 v1.2d Bold Symbols
\pmbraise@=\dimen166
) ("C:\Users\franc\AppData\Local\Programs\MiKTeX 2.9\tex/latex/amsmath\amsopn.sty"
Package: amsopn 2016/03/08 v2.02 operator names
)
\inf@bad=\count176
LaTeX Info: Redefining \frac on input line 227.
\uproot@=\count177
\leftroot@=\count178
LaTeX Info: Redefining \overline on input line 389.
\classnum@=\count179
\DOTSCASE@=\count180
LaTeX Info: Redefining \ldots on input line 486.
LaTeX Info: Redefining \dots on input line 489.
LaTeX Info: Redefining \cdots on input line 610.
\Mathstrutbox@=\box35
\strutbox@=\box36
\big@size=\dimen167
LaTeX Font Info:    Redeclaring font encoding OML on input line 733.
LaTeX Font Info:    Redeclaring font encoding OMS on input line 734.
\macc@depth=\count181
\c@MaxMatrixCols=\count182
\dotsspace@=\muskip11
\c@parentequation=\count183
\dspbrk@lvl=\count184
\tag@help=\toks31
\row@=\count185
\column@=\count186
\maxfields@=\count187
\andhelp@=\toks32
\eqnshift@=\dimen168
\alignsep@=\dimen169
\tagshift@=\dimen170
\tagwidth@=\dimen171
\totwidth@=\dimen172
\lineht@=\dimen173
\@envbody=\toks33
\multlinegap=\skip258
\multlinetaggap=\skip259
\mathdisplay@stack=\toks34
LaTeX Info: Redefining \[ on input line 2855.
LaTeX Info: Redefining \] on input line 2856.
)
LaTeX Info: Thecontrolsequence`\('isalreadyrobust on input line 129.
LaTeX Info: Thecontrolsequence`\)'isalreadyrobust on input line 129.
LaTeX Info: Thecontrolsequence`\['isalreadyrobust on input line 129.
LaTeX Info: Thecontrolsequence`\]'isalreadyrobust on input line 129.
\g_MT_multlinerow_int=\count188
\l_MT_multwidth_dim=\dimen174
\origjot=\skip260
\l_MT_shortvdotswithinadjustabove_dim=\dimen175
\l_MT_shortvdotswithinadjustbelow_dim=\dimen176
\l_MT_above_intertext_sep=\dimen177
\l_MT_below_intertext_sep=\dimen178
\l_MT_above_shortintertext_sep=\dimen179
\l_MT_below_shortintertext_sep=\dimen180
) ("C:\Users\franc\AppData\Local\Programs\MiKTeX 2.9\tex/latex/oberdiek\pdflscape.sty"
Package: pdflscape 2016/05/14 v0.11 Display of landscape pages in PDF (HO)
 ("C:\Users\franc\AppData\Local\Programs\MiKTeX 2.9\tex/latex/graphics\lscape.sty"
Package: lscape 2000/10/22 v3.01 Landscape Pages (DPC)
)
Package pdflscape Info: Auto-detected driver: pdftex on input line 81.
) ("C:\Users\franc\AppData\Local\Programs\MiKTeX 2.9\tex/latex/base\textcomp.sty"
Package: textcomp 2018/08/11 v2.0j Standard LaTeX package
Package textcomp Info: Sub-encoding information:
(textcomp)               5 = only ISO-Adobe without \textcurrency
(textcomp)               4 = 5 + \texteuro
(textcomp)               3 = 4 + \textohm
(textcomp)               2 = 3 + \textestimated + \textcurrency
(textcomp)               1 = TS1 - \textcircled - \t
(textcomp)               0 = TS1 (full)
(textcomp)             Font families with sub-encoding setting implement
(textcomp)             only a restricted character set as indicated.
(textcomp)             Family '?' is the default used for unknown fonts.
(textcomp)             See the documentation for details.
Package textcomp Info: Setting ? sub-encoding to TS1/1 on input line 79.
 ("C:\Users\franc\AppData\Local\Programs\MiKTeX 2.9\tex/latex/base\ts1enc.def"
File: ts1enc.def 2001/06/05 v3.0e (jk/car/fm) Standard LaTeX file
Now handling font encoding TS1 ...
... processing UTF-8 mapping file for font encoding TS1
 ("C:\Users\franc\AppData\Local\Programs\MiKTeX 2.9\tex/latex/base\ts1enc.dfu"
File: ts1enc.dfu 2019/07/11 v1.2j UTF-8 support for inputenc
   defining Unicode char U+00A2 (decimal 162)
   defining Unicode char U+00A3 (decimal 163)
   defining Unicode char U+00A4 (decimal 164)
   defining Unicode char U+00A5 (decimal 165)
   defining Unicode char U+00A6 (decimal 166)
   defining Unicode char U+00A7 (decimal 167)
   defining Unicode char U+00A8 (decimal 168)
   defining Unicode char U+00A9 (decimal 169)
   defining Unicode char U+00AA (decimal 170)
   defining Unicode char U+00AC (decimal 172)
   defining Unicode char U+00AE (decimal 174)
   defining Unicode char U+00AF (decimal 175)
   defining Unicode char U+00B0 (decimal 176)
   defining Unicode char U+00B1 (decimal 177)
   defining Unicode char U+00B2 (decimal 178)
   defining Unicode char U+00B3 (decimal 179)
   defining Unicode char U+00B4 (decimal 180)
   defining Unicode char U+00B5 (decimal 181)
   defining Unicode char U+00B6 (decimal 182)
   defining Unicode char U+00B7 (decimal 183)
   defining Unicode char U+00B9 (decimal 185)
   defining Unicode char U+00BA (decimal 186)
   defining Unicode char U+00BC (decimal 188)
   defining Unicode char U+00BD (decimal 189)
   defining Unicode char U+00BE (decimal 190)
   defining Unicode char U+00D7 (decimal 215)
   defining Unicode char U+00F7 (decimal 247)
   defining Unicode char U+0192 (decimal 402)
   defining Unicode char U+02C7 (decimal 711)
   defining Unicode char U+02D8 (decimal 728)
   defining Unicode char U+02DD (decimal 733)
   defining Unicode char U+0E3F (decimal 3647)
   defining Unicode char U+2016 (decimal 8214)
   defining Unicode char U+2020 (decimal 8224)
   defining Unicode char U+2021 (decimal 8225)
   defining Unicode char U+2022 (decimal 8226)
   defining Unicode char U+2030 (decimal 8240)
   defining Unicode char U+2031 (decimal 8241)
   defining Unicode char U+203B (decimal 8251)
   defining Unicode char U+203D (decimal 8253)
   defining Unicode char U+2044 (decimal 8260)
   defining Unicode char U+204E (decimal 8270)
   defining Unicode char U+2052 (decimal 8274)
   defining Unicode char U+20A1 (decimal 8353)
   defining Unicode char U+20A4 (decimal 8356)
   defining Unicode char U+20A6 (decimal 8358)
   defining Unicode char U+20A9 (decimal 8361)
   defining Unicode char U+20AB (decimal 8363)
   defining Unicode char U+20AC (decimal 8364)
   defining Unicode char U+20B1 (decimal 8369)
   defining Unicode char U+2103 (decimal 8451)
   defining Unicode char U+2116 (decimal 8470)
   defining Unicode char U+2117 (decimal 8471)
   defining Unicode char U+211E (decimal 8478)
   defining Unicode char U+2120 (decimal 8480)
   defining Unicode char U+2122 (decimal 8482)
   defining Unicode char U+2126 (decimal 8486)
   defining Unicode char U+2127 (decimal 8487)
   defining Unicode char U+212E (decimal 8494)
   defining Unicode char U+2190 (decimal 8592)
   defining Unicode char U+2191 (decimal 8593)
   defining Unicode char U+2192 (decimal 8594)
   defining Unicode char U+2193 (decimal 8595)
   defining Unicode char U+2329 (decimal 9001)
   defining Unicode char U+232A (decimal 9002)
   defining Unicode char U+2422 (decimal 9250)
   defining Unicode char U+25E6 (decimal 9702)
   defining Unicode char U+25EF (decimal 9711)
   defining Unicode char U+266A (decimal 9834)
   defining Unicode char U+27E8 (decimal 10216)
   defining Unicode char U+27E9 (decimal 10217)
   defining Unicode char U+FEFF (decimal 65279)
))
LaTeX Info: Redefining \oldstylenums on input line 334.
Package textcomp Info: Setting cmr sub-encoding to TS1/0 on input line 349.
Package textcomp Info: Setting cmss sub-encoding to TS1/0 on input line 350.
Package textcomp Info: Setting cmtt sub-encoding to TS1/0 on input line 351.
Package textcomp Info: Setting cmvtt sub-encoding to TS1/0 on input line 352.
Package textcomp Info: Setting cmbr sub-encoding to TS1/0 on input line 353.
Package textcomp Info: Setting cmtl sub-encoding to TS1/0 on input line 354.
Package textcomp Info: Setting ccr sub-encoding to TS1/0 on input line 355.
Package textcomp Info: Setting ptm sub-encoding to TS1/4 on input line 356.
Package textcomp Info: Setting pcr sub-encoding to TS1/4 on input line 357.
Package textcomp Info: Setting phv sub-encoding to TS1/4 on input line 358.
Package textcomp Info: Setting ppl sub-encoding to TS1/3 on input line 359.
Package textcomp Info: Setting pag sub-encoding to TS1/4 on input line 360.
Package textcomp Info: Setting pbk sub-encoding to TS1/4 on input line 361.
Package textcomp Info: Setting pnc sub-encoding to TS1/4 on input line 362.
Package textcomp Info: Setting pzc sub-encoding to TS1/4 on input line 363.
Package textcomp Info: Setting bch sub-encoding to TS1/4 on input line 364.
Package textcomp Info: Setting put sub-encoding to TS1/5 on input line 365.
Package textcomp Info: Setting uag sub-encoding to TS1/5 on input line 366.
Package textcomp Info: Setting ugq sub-encoding to TS1/5 on input line 367.
Package textcomp Info: Setting ul8 sub-encoding to TS1/4 on input line 368.
Package textcomp Info: Setting ul9 sub-encoding to TS1/4 on input line 369.
Package textcomp Info: Setting augie sub-encoding to TS1/5 on input line 370.
Package textcomp Info: Setting dayrom sub-encoding to TS1/3 on input line 371.
Package textcomp Info: Setting dayroms sub-encoding to TS1/3 on input line 372.
Package textcomp Info: Setting pxr sub-encoding to TS1/0 on input line 373.
Package textcomp Info: Setting pxss sub-encoding to TS1/0 on input line 374.
Package textcomp Info: Setting pxtt sub-encoding to TS1/0 on input line 375.
Package textcomp Info: Setting txr sub-encoding to TS1/0 on input line 376.
Package textcomp Info: Setting txss sub-encoding to TS1/0 on input line 377.
Package textcomp Info: Setting txtt sub-encoding to TS1/0 on input line 378.
Package textcomp Info: Setting lmr sub-encoding to TS1/0 on input line 379.
Package textcomp Info: Setting lmdh sub-encoding to TS1/0 on input line 380.
Package textcomp Info: Setting lmss sub-encoding to TS1/0 on input line 381.
Package textcomp Info: Setting lmssq sub-encoding to TS1/0 on input line 382.
Package textcomp Info: Setting lmvtt sub-encoding to TS1/0 on input line 383.
Package textcomp Info: Setting lmtt sub-encoding to TS1/0 on input line 384.
Package textcomp Info: Setting qhv sub-encoding to TS1/0 on input line 385.
Package textcomp Info: Setting qag sub-encoding to TS1/0 on input line 386.
Package textcomp Info: Setting qbk sub-encoding to TS1/0 on input line 387.
Package textcomp Info: Setting qcr sub-encoding to TS1/0 on input line 388.
Package textcomp Info: Setting qcs sub-encoding to TS1/0 on input line 389.
Package textcomp Info: Setting qpl sub-encoding to TS1/0 on input line 390.
Package textcomp Info: Setting qtm sub-encoding to TS1/0 on input line 391.
Package textcomp Info: Setting qzc sub-encoding to TS1/0 on input line 392.
Package textcomp Info: Setting qhvc sub-encoding to TS1/0 on input line 393.
Package textcomp Info: Setting futs sub-encoding to TS1/4 on input line 394.
Package textcomp Info: Setting futx sub-encoding to TS1/4 on input line 395.
Package textcomp Info: Setting futj sub-encoding to TS1/4 on input line 396.
Package textcomp Info: Setting hlh sub-encoding to TS1/3 on input line 397.
Package textcomp Info: Setting hls sub-encoding to TS1/3 on input line 398.
Package textcomp Info: Setting hlst sub-encoding to TS1/3 on input line 399.
Package textcomp Info: Setting hlct sub-encoding to TS1/5 on input line 400.
Package textcomp Info: Setting hlx sub-encoding to TS1/5 on input line 401.
Package textcomp Info: Setting hlce sub-encoding to TS1/5 on input line 402.
Package textcomp Info: Setting hlcn sub-encoding to TS1/5 on input line 403.
Package textcomp Info: Setting hlcw sub-encoding to TS1/5 on input line 404.
Package textcomp Info: Setting hlcf sub-encoding to TS1/5 on input line 405.
Package textcomp Info: Setting pplx sub-encoding to TS1/3 on input line 406.
Package textcomp Info: Setting pplj sub-encoding to TS1/3 on input line 407.
Package textcomp Info: Setting ptmx sub-encoding to TS1/4 on input line 408.
Package textcomp Info: Setting ptmj sub-encoding to TS1/4 on input line 409.
) ("C:\Users\franc\AppData\Local\Programs\MiKTeX 2.9\tex/latex/hyperref\backref.sty"
Package: backref 2016/05/21 v1.39 Bibliographical back referencing
) ("C:\Users\franc\AppData\Local\Programs\MiKTeX 2.9\tex/latex/abntex2\abntex2cite.sty"
Package: abntex2cite 2018/11/24 v-1.9.7 abnTeX2
 ("C:\Users\franc\AppData\Local\Programs\MiKTeX 2.9\tex/latex/abntex2\abntex2abrev.sty")
\minimumbiblabelwidth=\skip261
\ABCIauxlen=\skip262
\c@ABCIaux=\count189
\c@ABCImax=\count190
 ("C:\Users\franc\AppData\Local\Programs\MiKTeX 2.9\tex/latex/relsize\relsize.sty"
Package: relsize 2013/03/29 ver 4.1
)
\biblabelsep=\skip263
LaTeX Info: Redefining \newblock on input line 591.
LaTeX Info: Redefining \cite on input line 618.
\ABCItoken=\toks35
)
Package color Info: Redefining color blue on input line 103.
Package hyperref Info: Option `colorlinks' set `true' on input line 120.
\TCC_Francisco_Gomes@idxfile=\write4
\openout4 = `TCC_Francisco_Gomes.idx'.


Writing index file TCC_Francisco_Gomes.idx 
(c:/Users\franc\OneDrive\06-Repositorios\03-TCC\Monografia\TCC_Francisco_Gomes.aux)
\openout1 = `TCC_Francisco_Gomes.aux'.

LaTeX Font Info:    Checking defaults for OML/cmm/m/it on input line 143.
LaTeX Font Info:    ... okay on input line 143.
LaTeX Font Info:    Checking defaults for T1/cmr/m/n on input line 143.
LaTeX Font Info:    ... okay on input line 143.
LaTeX Font Info:    Checking defaults for OT1/cmr/m/n on input line 143.
LaTeX Font Info:    ... okay on input line 143.
LaTeX Font Info:    Checking defaults for OMS/cmsy/m/n on input line 143.
LaTeX Font Info:    ... okay on input line 143.
LaTeX Font Info:    Checking defaults for OMX/cmex/m/n on input line 143.
LaTeX Font Info:    ... okay on input line 143.
LaTeX Font Info:    Checking defaults for U/cmr/m/n on input line 143.
LaTeX Font Info:    ... okay on input line 143.
LaTeX Font Info:    Checking defaults for PD1/pdf/m/n on input line 143.
LaTeX Font Info:    ... okay on input line 143.
LaTeX Font Info:    Checking defaults for TS1/cmr/m/n on input line 143.
LaTeX Font Info:    Trying to load font information for TS1+cmr on input line 143.
 ("C:\Users\franc\AppData\Local\Programs\MiKTeX 2.9\tex/latex/base\ts1cmr.fd"
File: ts1cmr.fd 2014/09/29 v2.5h Standard LaTeX font definitions
)
LaTeX Font Info:    ... okay on input line 143.
LaTeX Font Info:    Trying to load font information for T1+lmr on input line 143.
 ("C:\Users\franc\AppData\Local\Programs\MiKTeX 2.9\tex/latex/lm\t1lmr.fd"
File: t1lmr.fd 2009/10/30 v1.6 Font defs for Latin Modern
)
\AtBeginShipoutBox=\box37
Package hyperref Info: Link coloring ON on input line 143.
 ("C:\Users\franc\AppData\Local\Programs\MiKTeX 2.9\tex/latex/hyperref\nameref.sty"
Package: nameref 2019/09/16 v2.46 Cross-referencing by name of section
 ("C:\Users\franc\AppData\Local\Programs\MiKTeX 2.9\tex/generic/oberdiek\gettitlestring.sty"
Package: gettitlestring 2016/05/16 v1.5 Cleanup title references (HO)
)
\c@section@level=\count191
)
Redoing nameref's sectioning
Redoing nameref's label
LaTeX Info: Redefining \nameref on input line 143.
LaTeX Info: Redefining \ref on input line 143.
LaTeX Info: Redefining \pageref on input line 143.
LaTeX Info: Redefining \nameref on input line 143.
LaTeX Info: Redefining \degres on input line 143.
LaTeX Info: Redefining \dots on input line 143.
LaTeX Info: Redefining \up on input line 143.
\myptabbox=\box38
\myptabboxwidth=\skip264
("C:\Users\franc\AppData\Local\Programs\MiKTeX 2.9\tex/context/base/mkii\supp-pdf.mkii"
[Loading MPS to PDF converter (version 2006.09.02).]
\scratchcounter=\count192
\scratchdimen=\dimen181
\scratchbox=\box39
\nofMPsegments=\count193
\nofMParguments=\count194
\everyMPshowfont=\toks36
\MPscratchCnt=\count266
\MPscratchDim=\dimen182
\MPnumerator=\count267
\makeMPintoPDFobject=\count268
\everyMPtoPDFconversion=\toks37
) ("C:\Users\franc\AppData\Local\Programs\MiKTeX 2.9\tex/latex/oberdiek\epstopdf-base.sty"
Package: epstopdf-base 2016/05/15 v2.6 Base part for package epstopdf
 ("C:\Users\franc\AppData\Local\Programs\MiKTeX 2.9\tex/latex/oberdiek\grfext.sty"
Package: grfext 2016/05/16 v1.2 Manage graphics extensions (HO)
)
Package epstopdf-base Info: Redefining graphics rule for `.eps' on input line 438.
Package grfext Info: Graphics extension search list:
(grfext)             [.pdf,.png,.jpg,.mps,.jpeg,.jbig2,.jb2,.PDF,.PNG,.JPG,.JPEG,.JBIG2,.JB2,.eps]
(grfext)             \AppendGraphicsExtensions on input line 456.
)
LaTeX Font Info:    Trying to load font information for T1+lmss on input line 156.
 ("C:\Users\franc\AppData\Local\Programs\MiKTeX 2.9\tex/latex/lm\t1lmss.fd"
File: t1lmss.fd 2009/10/30 v1.6 Font defs for Latin Modern
) [1

{C:/Users/franc/AppData/Local/MiKTeX/2.9/pdftex/config/pdftex.map}] [2

]
LaTeX Font Info:    Trying to load font information for OT1+lmr on input line 164.
 ("C:\Users\franc\AppData\Local\Programs\MiKTeX 2.9\tex/latex/lm\ot1lmr.fd"
File: ot1lmr.fd 2009/10/30 v1.6 Font defs for Latin Modern
)
LaTeX Font Info:    Trying to load font information for OML+lmm on input line 164.
 ("C:\Users\franc\AppData\Local\Programs\MiKTeX 2.9\tex/latex/lm\omllmm.fd"
File: omllmm.fd 2009/10/30 v1.6 Font defs for Latin Modern
)
LaTeX Font Info:    Trying to load font information for OMS+lmsy on input line 164.
 ("C:\Users\franc\AppData\Local\Programs\MiKTeX 2.9\tex/latex/lm\omslmsy.fd"
File: omslmsy.fd 2009/10/30 v1.6 Font defs for Latin Modern
)
LaTeX Font Info:    Trying to load font information for OMX+lmex on input line 164.
 ("C:\Users\franc\AppData\Local\Programs\MiKTeX 2.9\tex/latex/lm\omxlmex.fd"
File: omxlmex.fd 2009/10/30 v1.6 Font defs for Latin Modern
)
LaTeX Font Info:    External font `lmex10' loaded for size
(Font)              <12> on input line 164.
LaTeX Font Info:    External font `lmex10' loaded for size
(Font)              <8> on input line 164.
LaTeX Font Info:    External font `lmex10' loaded for size
(Font)              <6> on input line 164.
pdfTeX warning (ext4): destination with the same identifier (name{page.1}) has been already used, duplicate ignored
<to be read again> 
                   \relax 
l.164 
       [1


]pdfTeX warning (ext4): destination with the same identifier (name{page.2}) has been already used, duplicate ignored
<to be read again> 
                   \relax 
l.164 
       [2

] [3] [4

] [5] [6

] (c:/Users\franc\OneDrive\06-Repositorios\03-TCC\Monografia\TCC_Francisco_Gomes.lof [7]) [8] [9


] [10

] [11

] [12

] (c:/Users\franc\OneDrive\06-Repositorios\03-TCC\Monografia\TCC_Francisco_Gomes.toc
LaTeX Font Info:    Font shape `T1/lmss/bx/it' in size <12> not available
(Font)              Font shape `T1/lmss/bx/sl' tried instead on input line 17.
LaTeX Font Info:    Font shape `T1/lmss/m/it' in size <10.95> not available
(Font)              Font shape `T1/lmss/m/sl' tried instead on input line 35.

Underfull \vbox (badness 10000) has occurred while \output is active []

 [13]
LaTeX Font Info:    External font `lmex10' loaded for size
(Font)              <14.4> on input line 56.
LaTeX Font Info:    External font `lmex10' loaded for size
(Font)              <10> on input line 56.
LaTeX Font Info:    External font `lmex10' loaded for size
(Font)              <7> on input line 56.

Overfull \hbox (8.35165pt too wide) in paragraph at lines 68--68
 [][] [][][]\T1/lmss/bx/n/12 DIMENSIONAMENTO DO CON-VER-SOR DC/DC 
 []

) [14] [15


] [16]
LaTeX Font Info:    Trying to load font information for TS1+lmr on input line 333.
 ("C:\Users\franc\AppData\Local\Programs\MiKTeX 2.9\tex/latex/lm\ts1lmr.fd"
File: ts1lmr.fd 2009/10/30 v1.6 Font defs for Latin Modern
) [17] [18

]
<../Fotos/Diagramas/sinalFaaADC/sinalFaaADC.png, id=310, 672.5125pt x 151.56625pt>
File: ../Fotos/Diagramas/sinalFaaADC/sinalFaaADC.png Graphic file (type png)
<use ../Fotos/Diagramas/sinalFaaADC/sinalFaaADC.png>
Package pdftex.def Info: ../Fotos/Diagramas/sinalFaaADC/sinalFaaADC.png  used on input line 353.
(pdftex.def)             Requested size: 455.0pt x 102.54562pt.
<../Fotos/Diagramas/iepe.png, id=314, 543.53062pt x 167.87718pt>
File: ../Fotos/Diagramas/iepe.png Graphic file (type png)
<use ../Fotos/Diagramas/iepe.png>
Package pdftex.def Info: ../Fotos/Diagramas/iepe.png  used on input line 385.
(pdftex.def)             Requested size: 455.0pt x 140.53941pt.
 [19pdfTeX warning (ext4): destination with the same identifier (name{figure.2.1}) has been already used, duplicate ignored

\AtBegShi@Output ...ipout \box \AtBeginShipoutBox 
                                                  \fi \fi 
l.389 
       <../Fotos/Diagramas/sinalFaaADC/sinalFaaADC.png>]
LaTeX Font Info:    Font shape `T1/lmss/m/it' in size <17.28> not available
(Font)              Font shape `T1/lmss/m/sl' tried instead on input line 397.
 [20pdfTeX warning (ext4): destination with the same identifier (name{figure.2.2}) has been already used, duplicate ignored

\AtBegShi@Output ...ipout \box \AtBeginShipoutBox 
                                                  \fi \fi 
l.428 		\newpage
                 <../Fotos/Diagramas/iepe.png>]
<../Fotos/aliasingFs250.png, id=337, 828.84656pt x 443.40656pt>
File: ../Fotos/aliasingFs250.png Graphic file (type png)
<use ../Fotos/aliasingFs250.png>
Package pdftex.def Info: ../Fotos/aliasingFs250.png  used on input line 432.
(pdftex.def)             Requested size: 455.0pt x 243.40752pt.
<../Fotos/aliasingFs200.png, id=338, 828.84656pt x 443.40656pt>
File: ../Fotos/aliasingFs200.png Graphic file (type png)
<use ../Fotos/aliasingFs200.png>
Package pdftex.def Info: ../Fotos/aliasingFs200.png  used on input line 439.
(pdftex.def)             Requested size: 455.0pt x 243.40752pt.

Underfull \vbox (badness 10000) has occurred while \output is active []

 [21pdfTeX warning (ext4): destination with the same identifier (name{figure.2.3}) has been already used, duplicate ignored

\AtBegShi@Output ...ipout \box \AtBeginShipoutBox 
                                                  \fi \fi 
l.445 
      pdfTeX warning (ext4): destination with the same identifier (name{figure.2.4}) has been already used, duplicate ignored

\AtBegShi@Output ...ipout \box \AtBeginShipoutBox 
                                                  \fi \fi 
l.445 
       <../Fotos/aliasingFs250.png> <../Fotos/aliasingFs200.png>]
<../Fotos/Diagramas/sinalFaaADC/filtroIdeal.png, id=344, 416.55624pt x 440.64626pt>
File: ../Fotos/Diagramas/sinalFaaADC/filtroIdeal.png Graphic file (type png)
<use ../Fotos/Diagramas/sinalFaaADC/filtroIdeal.png>
Package pdftex.def Info: ../Fotos/Diagramas/sinalFaaADC/filtroIdeal.png  used on input line 453.
(pdftex.def)             Requested size: 145.59833pt x 154.02005pt.
<../Fotos/Diagramas/sinalFaaADC/filtroReal.png, id=345, 449.68pt x 449.68pt>
File: ../Fotos/Diagramas/sinalFaaADC/filtroReal.png Graphic file (type png)
<use ../Fotos/Diagramas/sinalFaaADC/filtroReal.png>
Package pdftex.def Info: ../Fotos/Diagramas/sinalFaaADC/filtroReal.png  used on input line 460.
(pdftex.def)             Requested size: 181.99722pt x 181.99588pt.
 [22pdfTeX warning (ext4): destination with the same identifier (name{figure.2.5}) has been already used, duplicate ignored

\AtBegShi@Output ...ipout \box \AtBeginShipoutBox 
                                                  \fi \fi 
l.494 		\end{gather*}
                     pdfTeX warning (ext4): destination with the same identifier (name{figure.2.6}) has been already used, duplicate ignored

\AtBegShi@Output ...ipout \box \AtBeginShipoutBox 
                                                  \fi \fi 
l.494 		\end{gather*}
                      <../Fotos/Diagramas/sinalFaaADC/filtroIdeal.png> <../Fotos/Diagramas/sinalFaaADC/filtroReal.png>] [23] [24

] [25] [26]
Overfull \hbox (0.4671pt too wide) in paragraph at lines 639--647
[]\T1/lmr/m/n/12 Para o pro-jeto do fil-tro, utilizou-se o \T1/lmr/m/it/12 soft-ware \T1/lmr/m/n/12 FilterPro$[]$ da Te-xas Instruments$[]$.
 []

<../Fotos/filterPro.png, id=379, 770.88pt x 141.52875pt>
File: ../Fotos/filterPro.png Graphic file (type png)
<use ../Fotos/filterPro.png>
Package pdftex.def Info: ../Fotos/filterPro.png  used on input line 650.
(pdftex.def)             Requested size: 455.0pt x 83.53362pt.
<../Fotos/filterProGF.png, id=380, 919.93687pt x 255.20343pt>
File: ../Fotos/filterProGF.png Graphic file (type png)
<use ../Fotos/filterProGF.png>
Package pdftex.def Info: ../Fotos/filterProGF.png  used on input line 657.
(pdftex.def)             Requested size: 455.0pt x 126.22678pt.
<../Fotos/filterProZoom.png, id=381, 919.18407pt x 251.43938pt>
File: ../Fotos/filterProZoom.png Graphic file (type png)
<use ../Fotos/filterProZoom.png>
Package pdftex.def Info: ../Fotos/filterProZoom.png  used on input line 664.
(pdftex.def)             Requested size: 455.0pt x 124.46478pt.
[27] [28pdfTeX warning (ext4): destination with the same identifier (name{figure.3.7}) has been already used, duplicate ignored

\AtBegShi@Output ...ipout \box \AtBeginShipoutBox 
                                                  \fi \fi 
l.693 
      pdfTeX warning (ext4): destination with the same identifier (name{figure.3.8}) has been already used, duplicate ignored

\AtBegShi@Output ...ipout \box \AtBeginShipoutBox 
                                                  \fi \fi 
l.693 
      pdfTeX warning (ext4): destination with the same identifier (name{figure.3.9}) has been already used, duplicate ignored

\AtBegShi@Output ...ipout \box \AtBeginShipoutBox 
                                                  \fi \fi 
l.693 
       <../Fotos/filterPro.png> <../Fotos/filterProGF.png> <../Fotos/filterProZoom.png>] [29]
<../Fotos/fonteCorrenteClean2.jpg, id=404, 292.84406pt x 590.95781pt>
File: ../Fotos/fonteCorrenteClean2.jpg Graphic file (type jpg)
<use ../Fotos/fonteCorrenteClean2.jpg>
Package pdftex.def Info: ../Fotos/fonteCorrenteClean2.jpg  used on input line 708.
(pdftex.def)             Requested size: 87.85388pt x 177.2887pt.
<../Fotos/fonteCorrente2.jpg, id=406, 642.14906pt x 637.63219pt>
File: ../Fotos/fonteCorrente2.jpg Graphic file (type jpg)
<use ../Fotos/fonteCorrente2.jpg>
Package pdftex.def Info: ../Fotos/fonteCorrente2.jpg  used on input line 720.
(pdftex.def)             Requested size: 192.6462pt x 191.29112pt.
 [30pdfTeX warning (ext4): destination with the same identifier (name{figure.3.10}) has been already used, duplicate ignored

\AtBegShi@Output ...ipout \box \AtBeginShipoutBox 
                                                  \fi \fi 
l.731 
      pdfTeX warning (ext4): destination with the same identifier (name{figure.3.11}) has been already used, duplicate ignored

\AtBegShi@Output ...ipout \box \AtBeginShipoutBox 
                                                  \fi \fi 
l.731 
       <../Fotos/fonteCorrenteClean2.jpg> <../Fotos/fonteCorrente2.jpg>]
<../Fotos/stmConsumo.jpg, id=414, 419.31656pt x 511.9125pt>
File: ../Fotos/stmConsumo.jpg Graphic file (type jpg)
<use ../Fotos/stmConsumo.jpg>
Package pdftex.def Info: ../Fotos/stmConsumo.jpg  used on input line 765.
(pdftex.def)             Requested size: 251.59186pt x 307.14987pt.
 [31]
<../Fotos/nrf.png, id=422, 425.59pt x 189.70876pt>
File: ../Fotos/nrf.png Graphic file (type png)
<use ../Fotos/nrf.png>
Package pdftex.def Info: ../Fotos/nrf.png  used on input line 806.
(pdftex.def)             Requested size: 255.35596pt x 113.82613pt.
 [32pdfTeX warning (ext4): destination with the same identifier (name{figure.3.12}) has been already used, duplicate ignored

\AtBegShi@Output ...ipout \box \AtBeginShipoutBox 
                                                  \fi \fi 
l.808 		\end{figure}
                     <../Fotos/stmConsumo.jpg>]
LaTeX Font Info:    External font `lmex10' loaded for size
(Font)              <5> on input line 818.

Underfull \hbox (badness 10000) in paragraph at lines 818--818
 [][] [][][]\T1/lmr/m/n/10 Acessado(20/10/2019): https://lastminuteengineers.com/wp-content/uploads/2018/07/nRF24L01-
 []


Underfull \vbox (badness 1824) has occurred while \output is active []

 [33pdfTeX warning (ext4): destination with the same identifier (name{figure.3.13}) has been already used, duplicate ignored

\AtBegShi@Output ...ipout \box \AtBeginShipoutBox 
                                                  \fi \fi 
l.842 		\begin{gather*}
                        <../Fotos/nrf.png>]
<../Fotos/fonte.jpg, id=439, 732.48656pt x 363.60844pt>
File: ../Fotos/fonte.jpg Graphic file (type jpg)
<use ../Fotos/fonte.jpg>
Package pdftex.def Info: ../Fotos/fonte.jpg  used on input line 882.
(pdftex.def)             Requested size: 455.0pt x 225.86766pt.
 [34]
<../Fotos/fonteCorrenteEsquematico.jpg, id=446, 686.565pt x 408.77719pt>
File: ../Fotos/fonteCorrenteEsquematico.jpg Graphic file (type jpg)
<use ../Fotos/fonteCorrenteEsquematico.jpg>
Package pdftex.def Info: ../Fotos/fonteCorrenteEsquematico.jpg  used on input line 908.
(pdftex.def)             Requested size: 455.0pt x 270.90404pt.
LaTeX Font Info:    Font shape `T1/lmss/m/it' in size <12> not available
(Font)              Font shape `T1/lmss/m/sl' tried instead on input line 913.
 [35pdfTeX warning (ext4): destination with the same identifier (name{figure.3.14}) has been already used, duplicate ignored

\AtBegShi@Output ...ipout \box \AtBeginShipoutBox 
                                                  \fi \fi 
l.924 				\begin{landscape}
                            <../Fotos/fonte.jpg>] [36pdfTeX warning (ext4): destination with the same identifier (name{figure.3.15}) has been already used, duplicate ignored

\AtBegShi@Output ...ipout \box \AtBeginShipoutBox 
                                                  \fi \fi 
l.924 				\begin{landscape}
                            <../Fotos/fonteCorrenteEsquematico.jpg>]
<../Fotos/FAAesquematico.png, id=458, 1230.84843pt x 219.06844pt>
File: ../Fotos/FAAesquematico.png Graphic file (type png)
<use ../Fotos/FAAesquematico.png>
Package pdftex.def Info: ../Fotos/FAAesquematico.png  used on input line 929.
(pdftex.def)             Requested size: 713.89261pt x 127.05977pt.

Overfull \hbox (5.89261pt too wide) in paragraph at lines 929--930
 [][] 
 []

[37

pdfTeX warning (ext4): destination with the same identifier (name{figure.3.16}) has been already used, duplicate ignored

\AtBegShi@Output ...ipout \box \AtBeginShipoutBox 
                                                  \fi \fi 
l.936 				\end{landscape}
                          <../Fotos/FAAesquematico.png>]
<../Fotos/stmEsquematico.jpg, id=465, 588.69937pt x 428.35031pt>
File: ../Fotos/stmEsquematico.jpg Graphic file (type jpg)
<use ../Fotos/stmEsquematico.jpg>
Package pdftex.def Info: ../Fotos/stmEsquematico.jpg  used on input line 958.
(pdftex.def)             Requested size: 455.0pt x 331.0726pt.
<../Fotos/nrfEsquematico.jpg, id=467, 1090.82532pt x 249.18094pt>
File: ../Fotos/nrfEsquematico.jpg Graphic file (type jpg)
<use ../Fotos/nrfEsquematico.jpg>
Package pdftex.def Info: ../Fotos/nrfEsquematico.jpg  used on input line 974.
(pdftex.def)             Requested size: 455.0pt x 103.93666pt.
 [38

pdfTeX warning (ext4): destination with the same identifier (name{figure.3.17}) has been already used, duplicate ignored

\AtBegShi@Output ...ipout \box \AtBeginShipoutBox 
                                                  \fi \fi 
l.979 			\newpage
                  <../Fotos/stmEsquematico.jpg>]
<../Fotos/pcbLayers.png, id=474, 946.53625pt x 863.225pt>
File: ../Fotos/pcbLayers.png Graphic file (type png)
<use ../Fotos/pcbLayers.png>
Package pdftex.def Info: ../Fotos/pcbLayers.png  used on input line 998.
(pdftex.def)             Requested size: 283.96307pt x 258.9695pt.
 [39pdfTeX warning (ext4): destination with the same identifier (name{figure.3.18}) has been already used, duplicate ignored

\AtBegShi@Output ...ipout \box \AtBeginShipoutBox 
                                                  \fi \fi 
l.1008 
       pdfTeX warning (ext4): destination with the same identifier (name{figure.3.19}) has been already used, duplicate ignored

\AtBegShi@Output ...ipout \box \AtBeginShipoutBox 
                                                  \fi \fi 
l.1008 
        <../Fotos/nrfEsquematico.jpg> <../Fotos/pcbLayers.png>]
<../Fotos/analogDigitalFonte.png, id=482, 961.5925pt x 871.255pt>
File: ../Fotos/analogDigitalFonte.png Graphic file (type png)
<use ../Fotos/analogDigitalFonte.png>
Package pdftex.def Info: ../Fotos/analogDigitalFonte.png  used on input line 1019.
(pdftex.def)             Requested size: 288.47997pt x 261.37851pt.
<../Fotos/capNrf.jpg, id=483, 465.23813pt x 560.0925pt>
File: ../Fotos/capNrf.jpg Graphic file (type jpg)
<use ../Fotos/capNrf.jpg>
Package pdftex.def Info: ../Fotos/capNrf.jpg  used on input line 1032.
(pdftex.def)             Requested size: 232.61848pt x 280.04556pt.

Underfull \vbox (badness 10000) has occurred while \output is active []

 [40pdfTeX warning (ext4): destination with the same identifier (name{figure.3.20}) has been already used, duplicate ignored

\AtBegShi@Output ...ipout \box \AtBeginShipoutBox 
                                                  \fi \fi 
l.1035 
        <../Fotos/analogDigitalFonte.png>]
<../Fotos/resAmp.jpg, id=489, 578.91281pt x 417.05812pt>
File: ../Fotos/resAmp.jpg Graphic file (type jpg)
<use ../Fotos/resAmp.jpg>
Package pdftex.def Info: ../Fotos/resAmp.jpg  used on input line 1043.
(pdftex.def)             Requested size: 289.45569pt x 208.52855pt.

Overfull \hbox (23.58263pt too wide) in paragraph at lines 1047--1050
[]\T1/lmr/m/n/12 A Fi-gura  [][]23[][] apre-senta uma vista ge-ral da placa. Com di-men-ses de $\OT1/lmr/m/n/12 88\OML/lmm/m/it/12 ; \OT1/lmr/m/n/12 8\OML/lmm/m/it/12 mmx\OT1/lmr/m/n/12 77\OML/lmm/m/it/12 ; \OT1/lmr/m/n/12 72\OML/lmm/m/it/12 mm$\T1/lmr/m/n/12 ,
 []

<../Fotos/placaTotal.jpg, id=491, 763.35187pt x 593.21625pt>
File: ../Fotos/placaTotal.jpg Graphic file (type jpg)
<use ../Fotos/placaTotal.jpg>
Package pdftex.def Info: ../Fotos/placaTotal.jpg  used on input line 1053.
(pdftex.def)             Requested size: 455.0pt x 353.58809pt.
[41pdfTeX warning (ext4): destination with the same identifier (name{figure.3.21}) has been already used, duplicate ignored

\AtBegShi@Output ...ipout \box \AtBeginShipoutBox 
                                                  \fi \fi 
l.1057 
       pdfTeX warning (ext4): destination with the same identifier (name{figure.3.22}) has been already used, duplicate ignored

\AtBegShi@Output ...ipout \box \AtBeginShipoutBox 
                                                  \fi \fi 
l.1057 
        <../Fotos/capNrf.jpg> <../Fotos/resAmp.jpg>] [42pdfTeX warning (ext4): destination with the same identifier (name{figure.3.23}) has been already used, duplicate ignored

\AtBegShi@Output ...ipout \box \AtBeginShipoutBox 
                                                  \fi \fi 
l.1058 			\newpage
                   <../Fotos/placaTotal.jpg>]
<../Fotos/vistaSuperior.jpg, id=501, 2080.77374pt x 1356.06625pt>
File: ../Fotos/vistaSuperior.jpg Graphic file (type jpg)
<use ../Fotos/vistaSuperior.jpg>
Package pdftex.def Info: ../Fotos/vistaSuperior.jpg  used on input line 1065.
(pdftex.def)             Requested size: 455.0pt x 296.5146pt.
 [43pdfTeX warning (ext4): destination with the same identifier (name{figure.3.24}) has been already used, duplicate ignored

\AtBegShi@Output ...ipout \box \AtBeginShipoutBox 
                                                  \fi \fi 
l.1068 		\newpage
                  <../Fotos/vistaSuperior.jpg>]
Overfull \hbox (41.64595pt too wide) in paragraph at lines 1071--1072
\T1/lmr/m/n/12 de me-di-o. Abaixo, as prin-ci-pais ca-rac-te-rs-ti-cas do m-dulo, con-forme \T1/lmr/m/it/12 da-tasheet\T1/lmr/m/n/12 ([][]INSTRUMENTS[][],
 []

[44]
<../Fotos/diagramaTelemetria.png, id=514, 653.44125pt x 902.37125pt>
File: ../Fotos/diagramaTelemetria.png Graphic file (type png)
<use ../Fotos/diagramaTelemetria.png>
Package pdftex.def Info: ../Fotos/diagramaTelemetria.png  used on input line 1097.
(pdftex.def)             Requested size: 307.11743pt x 424.11455pt.

Underfull \vbox (badness 10000) has occurred while \output is active []

 [45

pdfTeX warning (ext4): destination with the same identifier (name{figure.4.25}) has been already used, duplicate ignored

\AtBegShi@Output ...ipout \box \AtBeginShipoutBox 
                                                  \fi \fi 
l.1109 
        <../Fotos/diagramaTelemetria.png>]
<../Fotos/antesFiltro33.jpg, id=520, 2569.6pt x 1445.4pt>
File: ../Fotos/antesFiltro33.jpg Graphic file (type jpg)
<use ../Fotos/antesFiltro33.jpg>
Package pdftex.def Info: ../Fotos/antesFiltro33.jpg  used on input line 1114.
(pdftex.def)             Requested size: 181.99722pt x 102.35725pt.
<../Fotos/depoisFiltro33.jpg, id=521, 2569.6pt x 1445.4pt>
File: ../Fotos/depoisFiltro33.jpg Graphic file (type jpg)
<use ../Fotos/depoisFiltro33.jpg>
Package pdftex.def Info: ../Fotos/depoisFiltro33.jpg  used on input line 1120.
(pdftex.def)             Requested size: 181.99722pt x 102.35725pt.
<../Fotos/antesFiltro19.jpg, id=522, 2569.6pt x 1445.4pt>
File: ../Fotos/antesFiltro19.jpg Graphic file (type jpg)
<use ../Fotos/antesFiltro19.jpg>
Package pdftex.def Info: ../Fotos/antesFiltro19.jpg  used on input line 1129.
(pdftex.def)             Requested size: 181.99722pt x 102.35725pt.
<../Fotos/depoisFiltro19.jpg, id=523, 2569.6pt x 1445.4pt>
File: ../Fotos/depoisFiltro19.jpg Graphic file (type jpg)
<use ../Fotos/depoisFiltro19.jpg>
Package pdftex.def Info: ../Fotos/depoisFiltro19.jpg  used on input line 1135.
(pdftex.def)             Requested size: 181.99722pt x 102.35725pt.
<../Fotos/osc33.jpg, id=525, 2569.6pt x 1445.4pt>
File: ../Fotos/osc33.jpg Graphic file (type jpg)
<use ../Fotos/osc33.jpg>
Package pdftex.def Info: ../Fotos/osc33.jpg  used on input line 1149.
(pdftex.def)             Requested size: 455.0pt x 255.92621pt.
<../Fotos/tensaoAcc.jpg, id=526, 2569.6pt x 1445.4pt>
File: ../Fotos/tensaoAcc.jpg Graphic file (type jpg)
<use ../Fotos/tensaoAcc.jpg>
Package pdftex.def Info: ../Fotos/tensaoAcc.jpg  used on input line 1165.
(pdftex.def)             Requested size: 2569.59377pt x 1445.39648pt.
<../Fotos/tensaoAccG.jpg, id=527, 2569.6pt x 1445.4pt>
File: ../Fotos/tensaoAccG.jpg Graphic file (type jpg)
<use ../Fotos/tensaoAccG.jpg>
Package pdftex.def Info: ../Fotos/tensaoAccG.jpg  used on input line 1171.
(pdftex.def)             Requested size: 2569.59377pt x 1445.39648pt.
 [46pdfTeX warning (ext4): destination with the same identifier (name{figure.4.26}) has been already used, duplicate ignored

\AtBegShi@Output ...ipout \box \AtBeginShipoutBox 
                                                  \fi \fi 
l.1180 
       pdfTeX warning (ext4): destination with the same identifier (name{figure.4.27}) has been already used, duplicate ignored

\AtBegShi@Output ...ipout \box \AtBeginShipoutBox 
                                                  \fi \fi 
l.1180 
       pdfTeX warning (ext4): destination with the same identifier (name{figure.4.28}) has been already used, duplicate ignored

\AtBegShi@Output ...ipout \box \AtBeginShipoutBox 
                                                  \fi \fi 
l.1180 
       pdfTeX warning (ext4): destination with the same identifier (name{figure.4.29}) has been already used, duplicate ignored

\AtBegShi@Output ...ipout \box \AtBeginShipoutBox 
                                                  \fi \fi 
l.1180 
        <../Fotos/antesFiltro33.jpg> <../Fotos/depoisFiltro33.jpg> <../Fotos/antesFiltro19.jpg> <../Fotos/depoisFiltro19.jpg>]

LaTeX Warning: Text page 47 contains only floats.

[47pdfTeX warning (ext4): destination with the same identifier (name{figure.4.30}) has been already used, duplicate ignored

\AtBegShi@Output ...ipout \box \AtBeginShipoutBox 
                                                  \fi \fi 
l.1180 
       pdfTeX warning (ext4): destination with the same identifier (name{figure.4.31}) has been already used, duplicate ignored

\AtBegShi@Output ...ipout \box \AtBeginShipoutBox 
                                                  \fi \fi 
l.1180 
       pdfTeX warning (ext4): destination with the same identifier (name{figure.4.32}) has been already used, duplicate ignored

\AtBegShi@Output ...ipout \box \AtBeginShipoutBox 
                                                  \fi \fi 
l.1180 
        <../Fotos/osc33.jpg> <../Fotos/tensaoAcc.jpg> <../Fotos/tensaoAccG.jpg>] [48]
<../Fotos/stlink.jpg, id=542, 2569.6pt x 1445.4pt>
File: ../Fotos/stlink.jpg Graphic file (type jpg)
<use ../Fotos/stlink.jpg>
Package pdftex.def Info: ../Fotos/stlink.jpg  used on input line 1191.
(pdftex.def)             Requested size: 455.0pt x 255.92621pt.
 [49pdfTeX warning (ext4): destination with the same identifier (name{figure.4.33}) has been already used, duplicate ignored

\AtBegShi@Output ...ipout \box \AtBeginShipoutBox 
                                                  \fi \fi 
l.1208 		\newpage
                  <../Fotos/stlink.jpg>]
<../Fotos/accVertical.jpg, id=550, 2569.6pt x 1445.4pt>
File: ../Fotos/accVertical.jpg Graphic file (type jpg)
<use ../Fotos/accVertical.jpg>
Package pdftex.def Info: ../Fotos/accVertical.jpg  used on input line 1219.
(pdftex.def)             Requested size: 181.99722pt x 102.35725pt.
<../Fotos/peneiraAccLateral.jpg, id=551, 1774.63pt x 1466.47874pt>
File: ../Fotos/peneiraAccLateral.jpg Graphic file (type jpg)
<use ../Fotos/peneiraAccLateral.jpg>
Package pdftex.def Info: ../Fotos/peneiraAccLateral.jpg  used on input line 1226.
(pdftex.def)             Requested size: 181.99722pt x 150.39336pt.
<../Fotos/cdaq.jpg, id=553, 1941.2525pt x 814.04124pt>
File: ../Fotos/cdaq.jpg Graphic file (type jpg)
<use ../Fotos/cdaq.jpg>
Package pdftex.def Info: ../Fotos/cdaq.jpg  used on input line 1238.
(pdftex.def)             Requested size: 181.99722pt x 76.31618pt.

Underfull \hbox (badness 3354) in paragraph at lines 1239--1239
[][]\T1/lmr/m/n/12 Sistema de aqui-si-o
 []

<../Fotos/DAqIEPE.jpg, id=554, 2569.6pt x 1445.4pt>
File: ../Fotos/DAqIEPE.jpg Graphic file (type jpg)
<use ../Fotos/DAqIEPE.jpg>
Package pdftex.def Info: ../Fotos/DAqIEPE.jpg  used on input line 1245.
(pdftex.def)             Requested size: 181.99722pt x 102.35725pt.

Underfull \hbox (badness 3354) in paragraph at lines 1246--1246
[][]\T1/lmr/m/n/12 Sistema de aqui-si-o
 []


Underfull \vbox (badness 10000) has occurred while \output is active []

 [50pdfTeX warning (ext4): destination with the same identifier (name{figure.4.34}) has been already used, duplicate ignored

\AtBegShi@Output ...ipout \box \AtBeginShipoutBox 
                                                  \fi \fi 
l.1250 
       pdfTeX warning (ext4): destination with the same identifier (name{figure.4.35}) has been already used, duplicate ignored

\AtBegShi@Output ...ipout \box \AtBeginShipoutBox 
                                                  \fi \fi 
l.1250 
        <../Fotos/accVertical.jpg> <../Fotos/peneiraAccLateral.jpg>]
Overfull \hbox (32.16302pt too wide) in paragraph at lines 1251--1252
[]\T1/lmr/m/n/12 Para a an-lise dos da-dos, utilizou-se o \T1/lmr/m/it/12 soft-ware \T1/lmr/m/n/12 Sig-na-lEx-press da Na-ti-o-nal Instruments$[]$,
 []

<../Fotos/ni4g.png, id=561, 1075.76906pt x 619.56468pt>
File: ../Fotos/ni4g.png Graphic file (type png)
<use ../Fotos/ni4g.png>
Package pdftex.def Info: ../Fotos/ni4g.png  used on input line 1255.
(pdftex.def)             Requested size: 455.0pt x 262.04942pt.
<../Fotos/kot4g.png, id=562, 1075.01625pt x 621.82312pt>
File: ../Fotos/kot4g.png Graphic file (type png)
<use ../Fotos/kot4g.png>
Package pdftex.def Info: ../Fotos/kot4g.png  used on input line 1262.
(pdftex.def)             Requested size: 455.0pt x 263.18492pt.
<../Fotos/ni200mg.png, id=567, 1075.01625pt x 623.32875pt>
File: ../Fotos/ni200mg.png Graphic file (type png)
<use ../Fotos/ni200mg.png>
Package pdftex.def Info: ../Fotos/ni200mg.png  used on input line 1273.
(pdftex.def)             Requested size: 455.0pt x 263.82217pt.
[51pdfTeX warning (ext4): destination with the same identifier (name{figure.4.36}) has been already used, duplicate ignored

\AtBegShi@Output ...ipout \box \AtBeginShipoutBox 
                                                  \fi \fi 
l.1276 		\end{figure}
                     pdfTeX warning (ext4): destination with the same identifier (name{figure.4.37}) has been already used, duplicate ignored

\AtBegShi@Output ...ipout \box \AtBeginShipoutBox 
                                                  \fi \fi 
l.1276 		\end{figure}
                     pdfTeX warning (ext4): destination with the same identifier (name{figure.4.38}) has been already used, duplicate ignored

\AtBegShi@Output ...ipout \box \AtBeginShipoutBox 
                                                  \fi \fi 
l.1276 		\end{figure}
                      <../Fotos/cdaq.jpg> <../Fotos/DAqIEPE.jpg> <../Fotos/ni4g.png>]
<../Fotos/kot200mg.png, id=573, 1077.27469pt x 621.07031pt>
File: ../Fotos/kot200mg.png Graphic file (type png)
<use ../Fotos/kot200mg.png>
Package pdftex.def Info: ../Fotos/kot200mg.png  used on input line 1280.
(pdftex.def)             Requested size: 455.0pt x 262.31665pt.

Underfull \vbox (badness 10000) has occurred while \output is active []

 [52pdfTeX warning (ext4): destination with the same identifier (name{figure.4.39}) has been already used, duplicate ignored

\AtBegShi@Output ...ipout \box \AtBeginShipoutBox 
                                                  \fi \fi 
l.1290 
        <../Fotos/kot4g.png>] [53pdfTeX warning (ext4): destination with the same identifier (name{figure.4.40}) has been already used, duplicate ignored

\AtBegShi@Output ...ipout \box \AtBeginShipoutBox 
                                                  \fi \fi 
l.1296 \chapter
               {Concluses}pdfTeX warning (ext4): destination with the same identifier (name{figure.4.41}) has been already used, duplicate ignored

\AtBegShi@Output ...ipout \box \AtBeginShipoutBox 
                                                  \fi \fi 
l.1296 \chapter
               {Concluses} <../Fotos/ni200mg.png> <../Fotos/kot200mg.png>] [54] (c:/Users\franc\OneDrive\06-Repositorios\03-TCC\Monografia\TCC_Francisco_Gomes.bbl (c:/Users\franc\OneDrive\06-Repositorios\03-TCC\Monografia\TCC_Francisco_Gomes.brf)
\tf@brf=\write5
\openout5 = `TCC_Francisco_Gomes.brf'.

 [55

] [56

]
bibitemlist

Overfull \hbox (115.41353pt too wide) in paragraph at lines 42--42
\T1/lmr/m/n/12 ha-[]3-[]anos-[]rompimento-[]de-[]barragem-[]de-[]mariana-[]causou-[]maior-[]desastre-[]ambiental-[]do-[]pais-[]e-[]matou-[]19-[]pessoas . 
 []

[57]) [58]

Package hyperref Warning: Token not allowed in a PDF string (PDFDocEncoding):
(hyperref)                removing `\uppercase' on input line 1352.

[59


] [60]
Underfull \hbox (badness 10000) in paragraph at lines 1387--1391

 []

[61

] [62] [63

] [64

]
LaTeX Font Info:    Font shape `T1/lmss/m/it' in size <24.88> not available
(Font)              Font shape `T1/lmss/m/sl' tried instead on input line 1462.
 [65]
\tf@lof=\write6
\openout6 = `TCC_Francisco_Gomes.lof'.

\tf@toc=\write7
\openout7 = `TCC_Francisco_Gomes.toc'.

Package atveryend Info: Empty hook `BeforeClearDocument' on input line 1528.
Package atveryend Info: Empty hook `AfterLastShipout' on input line 1528.
 (c:/Users\franc\OneDrive\06-Repositorios\03-TCC\Monografia\TCC_Francisco_Gomes.aux)
Package atveryend Info: Executing hook `AtVeryEndDocument' on input line 1528.
Package atveryend Info: Executing hook `AtEndAfterFileList' on input line 1528.
Package rerunfilecheck Info: File `TCC_Francisco_Gomes.brf' has not changed.
(rerunfilecheck)             Checksum: 48E23792094364C051BA7BDD622DF490;804.
Package atveryend Info: Empty hook `AtVeryVeryEnd' on input line 1528.
 ) 
Here is how much of TeX's memory you used:
 14523 strings out of 492449
 219957 string characters out of 3119902
 355409 words of memory out of 3000000
 18428 multiletter control sequences out of 15000+200000
 96331 words of font info for 62 fonts, out of 3000000 for 9000
 1141 hyphenation exceptions out of 8191
 40i,13n,39p,956b,629s stack positions out of 5000i,500n,10000p,200000b,50000s
{C:/Users/franc/AppData/Local/Programs/MiKTeX 2.9/fonts/enc/dvips/lm/lm-mathex.enc}{C:/Users/franc/AppData/Local/Programs/MiKTeX 2.9/fonts/enc/dvips/lm/lm-ec.enc}{C:/Users/franc/AppData/Local/Programs/MiKTeX 2.9/fonts/enc/dvips/lm/lm-rm.enc}{C:/Users/franc/AppData/Local/Programs/MiKTeX 2.9/fonts/enc/dvips/lm/lm-mathit.enc}{C:/Users/franc/AppData/Local/Programs/MiKTeX 2.9/fonts/enc/dvips/lm/lm-mathsy.enc}{C:/Users/franc/AppData/Local/Programs/MiKTeX 2.9/fonts/enc/dvips/lm/lm-ts1.enc}<C:/Users/franc/AppData/Local/Programs/MiKTeX 2.9/fonts/type1/public/lm/lmbx12.pfb><C:/Users/franc/AppData/Local/Programs/MiKTeX 2.9/fonts/type1/public/lm/lmex10.pfb><C:/Users/franc/AppData/Local/Programs/MiKTeX 2.9/fonts/type1/public/lm/lmmi12.pfb><C:/Users/franc/AppData/Local/Programs/MiKTeX 2.9/fonts/type1/public/lm/lmmi6.pfb><C:/Users/franc/AppData/Local/Programs/MiKTeX 2.9/fonts/type1/public/lm/lmmi8.pfb><C:/Users/franc/AppData/Local/Programs/MiKTeX 2.9/fonts/type1/public/lm/lmr10.pfb><C:/Users/franc/AppData/Local/Programs/MiKTeX 2.9/fonts/type1/public/lm/lmr12.pfb><C:/Users/franc/AppData/Local/Programs/MiKTeX 2.9/fonts/type1/public/lm/lmr6.pfb><C:/Users/franc/AppData/Local/Programs/MiKTeX 2.9/fonts/type1/public/lm/lmr7.pfb><C:/Users/franc/AppData/Local/Programs/MiKTeX 2.9/fonts/type1/public/lm/lmr8.pfb><C:/Users/franc/AppData/Local/Programs/MiKTeX 2.9/fonts/type1/public/lm/lmri10.pfb><C:/Users/franc/AppData/Local/Programs/MiKTeX 2.9/fonts/type1/public/lm/lmri12.pfb><C:/Users/franc/AppData/Local/Programs/MiKTeX 2.9/fonts/type1/public/lm/lmss10.pfb><C:/Users/franc/AppData/Local/Programs/MiKTeX 2.9/fonts/type1/public/lm/lmss12.pfb><C:/Users/franc/AppData/Local/Programs/MiKTeX 2.9/fonts/type1/public/lm/lmss17.pfb><C:/Users/franc/AppData/Local/Programs/MiKTeX 2.9/fonts/type1/public/lm/lmssbo10.pfb><C:/Users/franc/AppData/Local/Programs/MiKTeX 2.9/fonts/type1/public/lm/lmssbx10.pfb><C:/Users/franc/AppData/Local/Programs/MiKTeX 2.9/fonts/type1/public/lm/lmsso10.pfb><C:/Users/franc/AppData/Local/Programs/MiKTeX 2.9/fonts/type1/public/lm/lmsso12.pfb><C:/Users/franc/AppData/Local/Programs/MiKTeX 2.9/fonts/type1/public/lm/lmsso17.pfb><C:/Users/franc/AppData/Local/Programs/MiKTeX 2.9/fonts/type1/public/lm/lmsy10.pfb><C:/Users/franc/AppData/Local/Programs/MiKTeX 2.9/fonts/type1/public/lm/lmsy8.pfb>
Output written on c:/Users\franc\OneDrive\06-Repositorios\03-TCC\Monografia\TCC_Francisco_Gomes.pdf (67 pages, 12359285 bytes).
PDF statistics:
 958 PDF objects out of 1000 (max. 8388607)
 182 named destinations out of 1000 (max. 500000)
 606 words of extra memory for PDF output out of 10000 (max. 10000000)

